2024-08-06 21:02:33,410	[INFO]	(client.py:162)_bot_login	[botpy] 登录机器人账号中...
2024-08-06 21:02:33,822	[INFO]	(robot.py:66)update_access_token	[botpy] access_token expires_in 5904
2024-08-06 21:02:34,336	[INFO]	(client.py:181)_bot_init	[botpy] 程序启动...
2024-08-06 21:02:34,337	[INFO]	(connection.py:60)multi_run	[botpy] 最大并发连接数: 1, 启动会话数: 1
2024-08-06 21:02:34,338	[INFO]	(client.py:242)bot_connect	[botpy] 会话启动中...
2024-08-06 21:02:34,339	[INFO]	(gateway.py:115)ws_connect	[botpy] 启动中...
2024-08-06 21:02:34,486	[INFO]	(gateway.py:142)ws_identify	[botpy] 鉴权中...
2024-08-06 21:02:34,592	[INFO]	(gateway.py:85)on_message	[botpy] 机器人「Croter-测试中」启动成功！
2024-08-06 21:02:34,593	[INFO]	(gateway.py:223)_send_heart	[botpy] 心跳维持启动...
2024-08-06 21:23:08,941	[INFO]	(client.py:162)_bot_login	[botpy] 登录机器人账号中...
2024-08-06 21:23:09,313	[INFO]	(robot.py:66)update_access_token	[botpy] access_token expires_in 4668
2024-08-06 21:23:09,814	[INFO]	(client.py:181)_bot_init	[botpy] 程序启动...
2024-08-06 21:23:09,815	[INFO]	(connection.py:60)multi_run	[botpy] 最大并发连接数: 1, 启动会话数: 1
2024-08-06 21:23:09,815	[INFO]	(client.py:242)bot_connect	[botpy] 会话启动中...
2024-08-06 21:23:09,816	[INFO]	(gateway.py:115)ws_connect	[botpy] 启动中...
2024-08-06 21:23:09,977	[INFO]	(gateway.py:142)ws_identify	[botpy] 鉴权中...
2024-08-06 21:23:10,092	[INFO]	(gateway.py:85)on_message	[botpy] 机器人「Croter-测试中」启动成功！
2024-08-06 21:23:10,093	[INFO]	(gateway.py:223)_send_heart	[botpy] 心跳维持启动...
2024-08-06 21:25:56,498	[INFO]	(gateway.py:56)on_closed	[botpy] 关闭, 返回码: WSCloseCode.OK, 返回信息: None
2024-08-06 21:25:56,498	[INFO]	(gateway.py:134)ws_connect	[botpy] ws关闭, 停止接收消息!
2024-08-06 21:26:01,504	[INFO]	(connection.py:60)multi_run	[botpy] 最大并发连接数: 1, 启动会话数: 1
2024-08-06 21:26:01,506	[INFO]	(client.py:242)bot_connect	[botpy] 会话启动中...
2024-08-06 21:26:01,506	[INFO]	(gateway.py:115)ws_connect	[botpy] 启动中...
2024-08-06 21:26:01,659	[INFO]	(gateway.py:175)ws_resume	[botpy] 重连启动...
2024-08-06 21:26:01,741	[INFO]	(gateway.py:90)on_message	[botpy] 机器人重连成功! 
2024-08-06 21:26:01,742	[INFO]	(gateway.py:223)_send_heart	[botpy] 心跳维持启动...
2024-08-07 07:53:55,042	[INFO]	(client.py:162)_bot_login	[botpy] 登录机器人账号中...
2024-08-07 07:53:55,427	[INFO]	(robot.py:66)update_access_token	[botpy] access_token expires_in 2765
2024-08-07 07:53:55,607	[ERROR]	(http.py:76)_handle_response	[botpy] 接口请求异常，请求连接: https://api.sgroup.qq.com/users/@me, 错误代码: 401, 返回内容: {'message': '接口访问源IP不在白名单', 'code': 11298, 'err_code': 40023002, 'trace_id': '59a430dee320799c9bb5bc63b53a94ad'}, trace_id:59a430dee320799c9bb5bc63b53a94ad
2024-08-07 07:54:33,577	[INFO]	(client.py:162)_bot_login	[botpy] 登录机器人账号中...
2024-08-07 07:54:33,954	[INFO]	(robot.py:66)update_access_token	[botpy] access_token expires_in 2727
2024-08-07 07:54:34,126	[ERROR]	(http.py:76)_handle_response	[botpy] 接口请求异常，请求连接: https://api.sgroup.qq.com/users/@me, 错误代码: 401, 返回内容: {'message': '接口访问源IP不在白名单', 'code': 11298, 'err_code': 40023002, 'trace_id': '4579ea0cacdeddbf91f19cddf73bfa45'}, trace_id:4579ea0cacdeddbf91f19cddf73bfa45
